<?xml version="1.0" encoding="UTF-8"?>
<testng-results skipped="0" failed="0" ignored="0" total="2" passed="2">
  <reporter-output>
  </reporter-output>
  <suite name="Suite" duration-ms="20169" started-at="2017-08-06T12:53:20Z" finished-at="2017-08-06T12:53:40Z">
    <groups>
    </groups>
    <test name="Test" duration-ms="20169" started-at="2017-08-06T12:53:20Z" finished-at="2017-08-06T12:53:40Z">
      <class name="WebTestFramework.Webbot.ValidateUrl">
        <test-method status="PASS" signature="validateNavigation()[pri:0, instance:WebTestFramework.Webbot.ValidateUrl@57baeedf]" name="validateNavigation" duration-ms="310" started-at="2017-08-06T18:23:38Z" finished-at="2017-08-06T18:23:38Z">
          <reporter-output>
          </reporter-output>
        </test-method> <!-- validateNavigation -->
      </class> <!-- WebTestFramework.Webbot.ValidateUrl -->
      <class name="WebTestFramework.Webbot.HomePage">
        <test-method status="PASS" signature="initialize()[pri:0, instance:WebTestFramework.Webbot.HomePage@42e26948]" name="initialize" is-config="true" duration-ms="8580" started-at="2017-08-06T18:23:20Z" finished-at="2017-08-06T18:23:29Z">
          <reporter-output>
          </reporter-output>
        </test-method> <!-- initialize -->
        <test-method status="PASS" signature="initialize()[pri:0, instance:WebTestFramework.Webbot.ValidateUrl@57baeedf]" name="initialize" is-config="true" duration-ms="6710" started-at="2017-08-06T18:23:29Z" finished-at="2017-08-06T18:23:36Z">
          <reporter-output>
          </reporter-output>
        </test-method> <!-- initialize -->
        <test-method status="PASS" signature="basePageNavigation(java.lang.String, java.lang.String)[pri:0, instance:WebTestFramework.Webbot.HomePage@42e26948]" name="basePageNavigation" duration-ms="1877" started-at="2017-08-06T18:23:36Z" data-provider="getData" finished-at="2017-08-06T18:23:38Z">
          <params>
            <param index="0">
              <value>
                <![CDATA[Selenium]]>
              </value>
            </param>
            <param index="1">
              <value>
                <![CDATA[Test 1]]>
              </value>
            </param>
          </params>
          <reporter-output>
          </reporter-output>
        </test-method> <!-- basePageNavigation -->
        <test-method status="PASS" signature="teardown()[pri:0, instance:WebTestFramework.Webbot.HomePage@42e26948]" name="teardown" is-config="true" duration-ms="2624" started-at="2017-08-06T18:23:38Z" finished-at="2017-08-06T18:23:40Z">
          <reporter-output>
          </reporter-output>
        </test-method> <!-- teardown -->
      </class> <!-- WebTestFramework.Webbot.HomePage -->
    </test> <!-- Test -->
  </suite> <!-- Suite -->
</testng-results>
